[0.006s] Invoking command in '/home/abhinav/Projects/Magic_Board/big_boulder/build/ldlidar_stl_ros2': CMAKE_PREFIX_PATH=/opt/ros/humble /usr/bin/cmake /home/abhinav/Projects/Magic_Board/big_boulder/src/ldlidar_stl_ros2 -DCMAKE_INSTALL_PREFIX=/home/abhinav/Projects/Magic_Board/big_boulder/install/ldlidar_stl_ros2
[0.057s] -- The C compiler identification is GNU 11.4.0
[0.107s] -- The CXX compiler identification is GNU 11.4.0
[0.113s] -- Detecting C compiler ABI info
[0.196s] -- Detecting C compiler ABI info - done
[0.200s] -- Check for working C compiler: /usr/bin/cc - skipped
[0.200s] -- Detecting C compile features
[0.200s] -- Detecting C compile features - done
[0.203s] -- Detecting CXX compiler ABI info
[0.304s] -- Detecting CXX compiler ABI info - done
[0.309s] -- Check for working CXX compiler: /usr/bin/c++ - skipped
[0.309s] -- Detecting CXX compile features
[0.309s] -- Detecting CXX compile features - done
[0.312s] -- Found ament_cmake: 1.3.14 (/opt/ros/humble/share/ament_cmake/cmake)
[0.503s] -- Found Python3: /usr/bin/python3 (found version "3.10.12") found components: Interpreter 
[0.569s] -- Found rclcpp: 16.0.18 (/opt/ros/humble/share/rclcpp/cmake)
[0.596s] -- Found rosidl_generator_c: 3.1.8 (/opt/ros/humble/share/rosidl_generator_c/cmake)
[0.599s] -- Found rosidl_adapter: 3.1.8 (/opt/ros/humble/share/rosidl_adapter/cmake)
[0.605s] -- Found rosidl_generator_cpp: 3.1.8 (/opt/ros/humble/share/rosidl_generator_cpp/cmake)
[0.613s] -- Using all available rosidl_typesupport_c: rosidl_typesupport_fastrtps_c;rosidl_typesupport_introspection_c
[0.625s] -- Using all available rosidl_typesupport_cpp: rosidl_typesupport_fastrtps_cpp;rosidl_typesupport_introspection_cpp
[0.662s] -- Found rmw_implementation_cmake: 6.1.2 (/opt/ros/humble/share/rmw_implementation_cmake/cmake)
[0.663s] -- Found rmw_fastrtps_cpp: 6.2.10 (/opt/ros/humble/share/rmw_fastrtps_cpp/cmake)
[0.760s] -- Found OpenSSL: /usr/lib/x86_64-linux-gnu/libcrypto.so (found version "3.0.2")  
[0.799s] -- Found FastRTPS: /opt/ros/humble/include  
[0.849s] -- Using RMW implementation 'rmw_fastrtps_cpp' as default
[0.855s] -- Looking for pthread.h
[0.935s] -- Looking for pthread.h - found
[0.935s] -- Performing Test CMAKE_HAVE_LIBC_PTHREAD
[1.021s] -- Performing Test CMAKE_HAVE_LIBC_PTHREAD - Success
[1.022s] -- Found Threads: TRUE  
[1.055s] -- Found sensor_msgs: 4.9.1 (/opt/ros/humble/share/sensor_msgs/cmake)
[1.075s] -- Found ament_lint_auto: 0.12.15 (/opt/ros/humble/share/ament_lint_auto/cmake)
[1.137s] -- Added test 'copyright' to check source files copyright and LICENSE
[1.140s] -- Added test 'cppcheck' to perform static code analysis on C / C++ code
[1.141s] -- Configured cppcheck include dirs: /home/abhinav/Projects/Magic_Board/big_boulder/src/ldlidar_stl_ros2/include;/home/abhinav/Projects/Magic_Board/big_boulder/src/ldlidar_stl_ros2/ldlidar_driver/include/core;/home/abhinav/Projects/Magic_Board/big_boulder/src/ldlidar_stl_ros2/ldlidar_driver/include/dataprocess;/home/abhinav/Projects/Magic_Board/big_boulder/src/ldlidar_stl_ros2/ldlidar_driver/include/filter;/home/abhinav/Projects/Magic_Board/big_boulder/src/ldlidar_stl_ros2/ldlidar_driver/include/logger;/home/abhinav/Projects/Magic_Board/big_boulder/src/ldlidar_stl_ros2/ldlidar_driver/include/networkcom;/home/abhinav/Projects/Magic_Board/big_boulder/src/ldlidar_stl_ros2/ldlidar_driver/include/serialcom
[1.141s] -- Configured cppcheck exclude dirs and/or files: 
[1.144s] -- Added test 'cpplint' to check C / C++ code against the Google style
[1.144s] -- Configured cpplint exclude dirs and/or files: 
[1.144s] -- Added test 'flake8' to check Python code syntax and style conventions
[1.146s] -- Added test 'lint_cmake' to check CMake code style
[1.146s] -- Added test 'pep257' to check Python code against some of the docstring style conventions in PEP 257
[1.149s] -- Added test 'uncrustify' to check C / C++ code style
[1.149s] -- Configured uncrustify additional arguments: 
[1.150s] -- Added test 'xmllint' to check XML markup files
[1.152s] -- Configuring done
[1.162s] -- Generating done
[1.167s] -- Build files have been written to: /home/abhinav/Projects/Magic_Board/big_boulder/build/ldlidar_stl_ros2
[1.181s] Invoked command in '/home/abhinav/Projects/Magic_Board/big_boulder/build/ldlidar_stl_ros2' returned '0': CMAKE_PREFIX_PATH=/opt/ros/humble /usr/bin/cmake /home/abhinav/Projects/Magic_Board/big_boulder/src/ldlidar_stl_ros2 -DCMAKE_INSTALL_PREFIX=/home/abhinav/Projects/Magic_Board/big_boulder/install/ldlidar_stl_ros2
[1.182s] Invoking command in '/home/abhinav/Projects/Magic_Board/big_boulder/build/ldlidar_stl_ros2': CMAKE_PREFIX_PATH=/opt/ros/humble /usr/bin/cmake --build /home/abhinav/Projects/Magic_Board/big_boulder/build/ldlidar_stl_ros2 -- -j12 -l12
[1.246s] [ 25%] Building CXX object CMakeFiles/ldlidar_stl_ros2_node.dir/ldlidar_driver/src/networkcom/network_socket_interface_linux.cpp.o
[1.246s] [ 25%] Building CXX object CMakeFiles/ldlidar_stl_ros2_node.dir/ldlidar_driver/src/logger/log_module.cpp.o
[1.246s] [ 50%] Building CXX object CMakeFiles/ldlidar_stl_ros2_node.dir/src/demo.cpp.o
[1.246s] [ 50%] Building CXX object CMakeFiles/ldlidar_stl_ros2_node.dir/ldlidar_driver/src/filter/tofbf.cpp.o
[1.247s] [ 62%] Building CXX object CMakeFiles/ldlidar_stl_ros2_node.dir/ldlidar_driver/src/core/ldlidar_driver.cpp.o
[1.247s] [ 75%] Building CXX object CMakeFiles/ldlidar_stl_ros2_node.dir/ldlidar_driver/src/dataprocess/lipkg.cpp.o
[1.252s] [ 87%] Building CXX object CMakeFiles/ldlidar_stl_ros2_node.dir/ldlidar_driver/src/serialcom/serial_interface_linux.cpp.o
[5.664s] [100%] Linking CXX executable ldlidar_stl_ros2_node
[5.870s] [100%] Built target ldlidar_stl_ros2_node
[5.884s] Invoked command in '/home/abhinav/Projects/Magic_Board/big_boulder/build/ldlidar_stl_ros2' returned '0': CMAKE_PREFIX_PATH=/opt/ros/humble /usr/bin/cmake --build /home/abhinav/Projects/Magic_Board/big_boulder/build/ldlidar_stl_ros2 -- -j12 -l12
[5.896s] Invoking command in '/home/abhinav/Projects/Magic_Board/big_boulder/build/ldlidar_stl_ros2': CMAKE_PREFIX_PATH=/opt/ros/humble /usr/bin/cmake --install /home/abhinav/Projects/Magic_Board/big_boulder/build/ldlidar_stl_ros2
[5.904s] -- Install configuration: ""
[5.904s] -- Installing: /home/abhinav/Projects/Magic_Board/big_boulder/install/ldlidar_stl_ros2/lib/ldlidar_stl_ros2/ldlidar_stl_ros2_node
[5.906s] -- Set runtime path of "/home/abhinav/Projects/Magic_Board/big_boulder/install/ldlidar_stl_ros2/lib/ldlidar_stl_ros2/ldlidar_stl_ros2_node" to ""
[5.906s] -- Installing: /home/abhinav/Projects/Magic_Board/big_boulder/install/ldlidar_stl_ros2/share/ldlidar_stl_ros2//launch
[5.906s] -- Installing: /home/abhinav/Projects/Magic_Board/big_boulder/install/ldlidar_stl_ros2/share/ldlidar_stl_ros2//launch/ld19.launch.py
[5.906s] -- Installing: /home/abhinav/Projects/Magic_Board/big_boulder/install/ldlidar_stl_ros2/share/ldlidar_stl_ros2//launch/viewer_ld06.launch.py
[5.906s] -- Installing: /home/abhinav/Projects/Magic_Board/big_boulder/install/ldlidar_stl_ros2/share/ldlidar_stl_ros2//launch/stl27l.launch.py
[5.906s] -- Installing: /home/abhinav/Projects/Magic_Board/big_boulder/install/ldlidar_stl_ros2/share/ldlidar_stl_ros2//launch/viewer_stl27l.launch.py
[5.906s] -- Installing: /home/abhinav/Projects/Magic_Board/big_boulder/install/ldlidar_stl_ros2/share/ldlidar_stl_ros2//launch/ld06.launch.py
[5.906s] -- Installing: /home/abhinav/Projects/Magic_Board/big_boulder/install/ldlidar_stl_ros2/share/ldlidar_stl_ros2//launch/viewer_ld19.launch.py
[5.906s] -- Installing: /home/abhinav/Projects/Magic_Board/big_boulder/install/ldlidar_stl_ros2/share/ldlidar_stl_ros2//rviz2
[5.906s] -- Installing: /home/abhinav/Projects/Magic_Board/big_boulder/install/ldlidar_stl_ros2/share/ldlidar_stl_ros2//rviz2/ldlidar.rviz
[5.907s] -- Installing: /home/abhinav/Projects/Magic_Board/big_boulder/install/ldlidar_stl_ros2/share/ament_index/resource_index/package_run_dependencies/ldlidar_stl_ros2
[5.907s] -- Installing: /home/abhinav/Projects/Magic_Board/big_boulder/install/ldlidar_stl_ros2/share/ament_index/resource_index/parent_prefix_path/ldlidar_stl_ros2
[5.907s] -- Installing: /home/abhinav/Projects/Magic_Board/big_boulder/install/ldlidar_stl_ros2/share/ldlidar_stl_ros2/environment/ament_prefix_path.sh
[5.907s] -- Installing: /home/abhinav/Projects/Magic_Board/big_boulder/install/ldlidar_stl_ros2/share/ldlidar_stl_ros2/environment/ament_prefix_path.dsv
[5.907s] -- Installing: /home/abhinav/Projects/Magic_Board/big_boulder/install/ldlidar_stl_ros2/share/ldlidar_stl_ros2/environment/path.sh
[5.907s] -- Installing: /home/abhinav/Projects/Magic_Board/big_boulder/install/ldlidar_stl_ros2/share/ldlidar_stl_ros2/environment/path.dsv
[5.907s] -- Installing: /home/abhinav/Projects/Magic_Board/big_boulder/install/ldlidar_stl_ros2/share/ldlidar_stl_ros2/local_setup.bash
[5.907s] -- Installing: /home/abhinav/Projects/Magic_Board/big_boulder/install/ldlidar_stl_ros2/share/ldlidar_stl_ros2/local_setup.sh
[5.908s] -- Installing: /home/abhinav/Projects/Magic_Board/big_boulder/install/ldlidar_stl_ros2/share/ldlidar_stl_ros2/local_setup.zsh
[5.908s] -- Installing: /home/abhinav/Projects/Magic_Board/big_boulder/install/ldlidar_stl_ros2/share/ldlidar_stl_ros2/local_setup.dsv
[5.908s] -- Installing: /home/abhinav/Projects/Magic_Board/big_boulder/install/ldlidar_stl_ros2/share/ldlidar_stl_ros2/package.dsv
[5.908s] -- Installing: /home/abhinav/Projects/Magic_Board/big_boulder/install/ldlidar_stl_ros2/share/ament_index/resource_index/packages/ldlidar_stl_ros2
[5.908s] -- Installing: /home/abhinav/Projects/Magic_Board/big_boulder/install/ldlidar_stl_ros2/share/ldlidar_stl_ros2/cmake/ldlidar_stl_ros2Config.cmake
[5.908s] -- Installing: /home/abhinav/Projects/Magic_Board/big_boulder/install/ldlidar_stl_ros2/share/ldlidar_stl_ros2/cmake/ldlidar_stl_ros2Config-version.cmake
[5.908s] -- Installing: /home/abhinav/Projects/Magic_Board/big_boulder/install/ldlidar_stl_ros2/share/ldlidar_stl_ros2/package.xml
[5.911s] Invoked command in '/home/abhinav/Projects/Magic_Board/big_boulder/build/ldlidar_stl_ros2' returned '0': CMAKE_PREFIX_PATH=/opt/ros/humble /usr/bin/cmake --install /home/abhinav/Projects/Magic_Board/big_boulder/build/ldlidar_stl_ros2
