-- Found ament_cmake: 1.3.14 (/opt/ros/humble/share/ament_cmake/cmake)
-- Found rclcpp: 16.0.18 (/opt/ros/humble/share/rclcpp/cmake)
-- Found rosidl_generator_c: 3.1.8 (/opt/ros/humble/share/rosidl_generator_c/cmake)
-- Found rosidl_adapter: 3.1.8 (/opt/ros/humble/share/rosidl_adapter/cmake)
-- Found rosidl_generator_cpp: 3.1.8 (/opt/ros/humble/share/rosidl_generator_cpp/cmake)
-- Using all available rosidl_typesupport_c: rosidl_typesupport_fastrtps_c;rosidl_typesupport_introspection_c
-- Using all available rosidl_typesupport_cpp: rosidl_typesupport_fastrtps_cpp;rosidl_typesupport_introspection_cpp
-- Found rmw_implementation_cmake: 6.1.2 (/opt/ros/humble/share/rmw_implementation_cmake/cmake)
-- Found rmw_fastrtps_cpp: 6.2.10 (/opt/ros/humble/share/rmw_fastrtps_cpp/cmake)
-- Using RMW implementation 'rmw_fastrtps_cpp' as default
-- Found rclpy: 3.3.21 (/opt/ros/humble/share/rclpy/cmake)
-- Found sensor_msgs: 4.9.1 (/opt/ros/humble/share/sensor_msgs/cmake)
-- Found ament_lint_auto: 0.12.15 (/opt/ros/humble/share/ament_lint_auto/cmake)
-- Added test 'cppcheck' to perform static code analysis on C / C++ code
-- Configured cppcheck include dirs: $<BUILD_INTERFACE:/home/abhinav/Projects/Magic_Board/big_boulder/src/adapt_display/include>
-- Configured cppcheck exclude dirs and/or files: 
-- Added test 'flake8' to check Python code syntax and style conventions
-- Added test 'lint_cmake' to check CMake code style
-- Added test 'pep257' to check Python code against some of the docstring style conventions in PEP 257
-- Added test 'uncrustify' to check C / C++ code style
-- Configured uncrustify additional arguments: 
-- Added test 'xmllint' to check XML markup files
-- Configuring done
-- Generating done
-- Build files have been written to: /home/abhinav/Projects/Magic_Board/big_boulder/build/adapt_display
[35m[1mConsolidate compiler generated dependencies of target scan_tracker[0m
[35m[1mConsolidate compiler generated dependencies of target cpp_node[0m
[  0%] Built target ament_cmake_python_copy_adapt_display
[ 50%] Built target cpp_node
[ 75%] [32mBuilding CXX object CMakeFiles/scan_tracker.dir/src/scan_tracker.cpp.o[0m
running egg_info
writing adapt_display.egg-info/PKG-INFO
writing dependency_links to adapt_display.egg-info/dependency_links.txt
writing top-level names to adapt_display.egg-info/top_level.txt
reading manifest file 'adapt_display.egg-info/SOURCES.txt'
writing manifest file 'adapt_display.egg-info/SOURCES.txt'
[ 75%] Built target ament_cmake_python_build_adapt_display_egg
[01m[K/home/abhinav/Projects/Magic_Board/big_boulder/src/adapt_display/src/scan_tracker.cpp:[m[K In constructor ‘[01m[KScanTrackerNode::ScanTrackerNode()[m[K’:
[01m[K/home/abhinav/Projects/Magic_Board/big_boulder/src/adapt_display/src/scan_tracker.cpp:45:5:[m[K [01;31m[Kerror: [m[K‘[01m[Kcount_publisher_[m[K’ was not declared in this scope; did you mean ‘[01m[Kcount_publishers[m[K’?
   45 |     [01;31m[Kcount_publisher_[m[K = this->create_publisher<std_msgs::msg::Int32>(
      |     [01;31m[K^~~~~~~~~~~~~~~~[m[K
      |     [32m[Kcount_publishers[m[K
[01m[K/home/abhinav/Projects/Magic_Board/big_boulder/src/adapt_display/src/scan_tracker.cpp:47:5:[m[K [01;31m[Kerror: [m[K‘[01m[Kpositions_publisher_[m[K’ was not declared in this scope
   47 |     [01;31m[Kpositions_publisher_[m[K = this->create_publisher<std_msgs::msg::Float32MultiArray>(
      |     [01;31m[K^~~~~~~~~~~~~~~~~~~~[m[K
[01m[K/home/abhinav/Projects/Magic_Board/big_boulder/src/adapt_display/src/scan_tracker.cpp:[m[K In member function ‘[01m[Kvoid ScanTrackerNode::scan_callback(sensor_msgs::msg::LaserScan_<std::allocator<void> >::SharedPtr)[m[K’:
[01m[K/home/abhinav/Projects/Magic_Board/big_boulder/src/adapt_display/src/scan_tracker.cpp:243:5:[m[K [01;31m[Kerror: [m[K‘[01m[Kcount_publisher_[m[K’ was not declared in this scope; did you mean ‘[01m[Kcount_publishers[m[K’?
  243 |     [01;31m[Kcount_publisher_[m[K->publish(count_msg);
      |     [01;31m[K^~~~~~~~~~~~~~~~[m[K
      |     [32m[Kcount_publishers[m[K
[01m[K/home/abhinav/Projects/Magic_Board/big_boulder/src/adapt_display/src/scan_tracker.cpp:252:5:[m[K [01;31m[Kerror: [m[K‘[01m[Kpositions_publisher_[m[K’ was not declared in this scope
  252 |     [01;31m[Kpositions_publisher_[m[K->publish(pos_msg);
      |     [01;31m[K^~~~~~~~~~~~~~~~~~~~[m[K
gmake[2]: *** [CMakeFiles/scan_tracker.dir/build.make:76: CMakeFiles/scan_tracker.dir/src/scan_tracker.cpp.o] Error 1
gmake[1]: *** [CMakeFiles/Makefile2:220: CMakeFiles/scan_tracker.dir/all] Error 2
gmake: *** [Makefile:146: all] Error 2
