[0.009s] Invoking command in '/home/abhinav/Projects/Magic_Board/big_boulder/build/adapt_display': CMAKE_PREFIX_PATH=/opt/ros/humble /usr/bin/cmake --build /home/abhinav/Projects/Magic_Board/big_boulder/build/adapt_display -- -j12 -l12
[0.053s] [35m[1mConsolidate compiler generated dependencies of target scan_tracker[0m
[0.067s] [ 50%] Built target cpp_node
[0.068s] [ 50%] Built target ament_cmake_python_copy_adapt_display
[0.072s] [ 75%] [32mBuilding CXX object CMakeFiles/scan_tracker.dir/src/scan_tracker.cpp.o[0m
[0.262s] running egg_info
[0.262s] writing adapt_display.egg-info/PKG-INFO
[0.263s] writing dependency_links to adapt_display.egg-info/dependency_links.txt
[0.263s] writing top-level names to adapt_display.egg-info/top_level.txt
[0.264s] reading manifest file 'adapt_display.egg-info/SOURCES.txt'
[0.265s] writing manifest file 'adapt_display.egg-info/SOURCES.txt'
[0.291s] [ 75%] Built target ament_cmake_python_build_adapt_display_egg
[1.643s] [01m[K/home/abhinav/Projects/Magic_Board/big_boulder/src/adapt_display/src/scan_tracker.cpp:[m[K In constructor ‘[01m[KScanTrackerNode::ScanTrackerNode()[m[K’:
[1.643s] [01m[K/home/abhinav/Projects/Magic_Board/big_boulder/src/adapt_display/src/scan_tracker.cpp:45:5:[m[K [01;31m[Kerror: [m[K‘[01m[Kcount_publisher_[m[K’ was not declared in this scope; did you mean ‘[01m[Kcount_publishers[m[K’?
[1.643s]    45 |     [01;31m[Kcount_publisher_[m[K = this->create_publisher<std_msgs::msg::Int32>(
[1.643s]       |     [01;31m[K^~~~~~~~~~~~~~~~[m[K
[1.644s]       |     [32m[Kcount_publishers[m[K
[1.650s] [01m[K/home/abhinav/Projects/Magic_Board/big_boulder/src/adapt_display/src/scan_tracker.cpp:47:5:[m[K [01;31m[Kerror: [m[K‘[01m[Kpositions_publisher_[m[K’ was not declared in this scope
[1.650s]    47 |     [01;31m[Kpositions_publisher_[m[K = this->create_publisher<std_msgs::msg::Float32MultiArray>(
[1.651s]       |     [01;31m[K^~~~~~~~~~~~~~~~~~~~[m[K
[1.661s] [01m[K/home/abhinav/Projects/Magic_Board/big_boulder/src/adapt_display/src/scan_tracker.cpp:[m[K In member function ‘[01m[Kvoid ScanTrackerNode::scan_callback(sensor_msgs::msg::LaserScan_<std::allocator<void> >::SharedPtr)[m[K’:
[1.661s] [01m[K/home/abhinav/Projects/Magic_Board/big_boulder/src/adapt_display/src/scan_tracker.cpp:243:5:[m[K [01;31m[Kerror: [m[K‘[01m[Kcount_publisher_[m[K’ was not declared in this scope; did you mean ‘[01m[Kcount_publishers[m[K’?
[1.661s]   243 |     [01;31m[Kcount_publisher_[m[K->publish(count_msg);
[1.662s]       |     [01;31m[K^~~~~~~~~~~~~~~~[m[K
[1.662s]       |     [32m[Kcount_publishers[m[K
[1.667s] [01m[K/home/abhinav/Projects/Magic_Board/big_boulder/src/adapt_display/src/scan_tracker.cpp:252:5:[m[K [01;31m[Kerror: [m[K‘[01m[Kpositions_publisher_[m[K’ was not declared in this scope
[1.667s]   252 |     [01;31m[Kpositions_publisher_[m[K->publish(pos_msg);
[1.667s]       |     [01;31m[K^~~~~~~~~~~~~~~~~~~~[m[K
[3.382s] gmake[2]: *** [CMakeFiles/scan_tracker.dir/build.make:76: CMakeFiles/scan_tracker.dir/src/scan_tracker.cpp.o] Error 1
[3.382s] gmake[1]: *** [CMakeFiles/Makefile2:220: CMakeFiles/scan_tracker.dir/all] Error 2
[3.383s] gmake: *** [Makefile:146: all] Error 2
[3.385s] Invoked command in '/home/abhinav/Projects/Magic_Board/big_boulder/build/adapt_display' returned '2': CMAKE_PREFIX_PATH=/opt/ros/humble /usr/bin/cmake --build /home/abhinav/Projects/Magic_Board/big_boulder/build/adapt_display -- -j12 -l12
