[0.011s] Invoking command in '/home/abhinav/Projects/Magic_Board/build/adapt_display': CMAKE_PREFIX_PATH=/opt/ros/humble /usr/bin/cmake /home/abhinav/Projects/Magic_Board/big_boulder/src/adapt_display -DCMAKE_INSTALL_PREFIX=/home/abhinav/Projects/Magic_Board/install/adapt_display
[0.076s] -- The C compiler identification is GNU 11.4.0
[0.165s] -- The CXX compiler identification is GNU 11.4.0
[0.177s] -- Detecting C compiler ABI info
[0.258s] -- Detecting C compiler ABI info - done
[0.265s] -- Check for working C compiler: /usr/bin/cc - skipped
[0.266s] -- Detecting C compile features
[0.266s] -- Detecting C compile features - done
[0.269s] -- Detecting CXX compiler ABI info
[0.347s] -- Detecting CXX compiler ABI info - done
[0.354s] -- Check for working CXX compiler: /usr/bin/c++ - skipped
[0.354s] -- Detecting CXX compile features
[0.355s] -- Detecting CXX compile features - done
[0.358s] -- Found ament_cmake: 1.3.14 (/opt/ros/humble/share/ament_cmake/cmake)
[0.493s] -- Found Python3: /usr/bin/python3 (found version "3.10.12") found components: Interpreter 
[0.567s] -- Found rclcpp: 16.0.18 (/opt/ros/humble/share/rclcpp/cmake)
[0.612s] -- Found rosidl_generator_c: 3.1.8 (/opt/ros/humble/share/rosidl_generator_c/cmake)
[0.619s] -- Found rosidl_adapter: 3.1.8 (/opt/ros/humble/share/rosidl_adapter/cmake)
[0.624s] -- Found rosidl_generator_cpp: 3.1.8 (/opt/ros/humble/share/rosidl_generator_cpp/cmake)
[0.633s] -- Using all available rosidl_typesupport_c: rosidl_typesupport_fastrtps_c;rosidl_typesupport_introspection_c
[0.649s] -- Using all available rosidl_typesupport_cpp: rosidl_typesupport_fastrtps_cpp;rosidl_typesupport_introspection_cpp
[0.684s] -- Found rmw_implementation_cmake: 6.1.2 (/opt/ros/humble/share/rmw_implementation_cmake/cmake)
[0.686s] -- Found rmw_fastrtps_cpp: 6.2.10 (/opt/ros/humble/share/rmw_fastrtps_cpp/cmake)
[0.785s] -- Found OpenSSL: /usr/lib/x86_64-linux-gnu/libcrypto.so (found version "3.0.2")  
[0.832s] -- Found FastRTPS: /opt/ros/humble/include  
[0.887s] -- Using RMW implementation 'rmw_fastrtps_cpp' as default
[0.897s] -- Looking for pthread.h
[0.983s] -- Looking for pthread.h - found
[0.983s] -- Performing Test CMAKE_HAVE_LIBC_PTHREAD
[1.065s] -- Performing Test CMAKE_HAVE_LIBC_PTHREAD - Success
[1.066s] -- Found Threads: TRUE  
[1.104s] -- Found rclpy: 3.3.21 (/opt/ros/humble/share/rclpy/cmake)
[1.104s] -- Found sensor_msgs: 4.9.1 (/opt/ros/humble/share/sensor_msgs/cmake)
[1.202s] -- Found ament_lint_auto: 0.12.15 (/opt/ros/humble/share/ament_lint_auto/cmake)
[1.267s] -- Added test 'cppcheck' to perform static code analysis on C / C++ code
[1.267s] -- Configured cppcheck include dirs: $<BUILD_INTERFACE:/home/abhinav/Projects/Magic_Board/big_boulder/src/adapt_display/include>
[1.267s] -- Configured cppcheck exclude dirs and/or files: 
[1.268s] -- Added test 'flake8' to check Python code syntax and style conventions
[1.269s] -- Added test 'lint_cmake' to check CMake code style
[1.270s] -- Added test 'pep257' to check Python code against some of the docstring style conventions in PEP 257
[1.274s] -- Added test 'uncrustify' to check C / C++ code style
[1.274s] -- Configured uncrustify additional arguments: 
[1.274s] -- Added test 'xmllint' to check XML markup files
[1.275s] -- Configuring done
[1.289s] -- Generating done
[1.291s] -- Build files have been written to: /home/abhinav/Projects/Magic_Board/build/adapt_display
[1.302s] Invoked command in '/home/abhinav/Projects/Magic_Board/build/adapt_display' returned '0': CMAKE_PREFIX_PATH=/opt/ros/humble /usr/bin/cmake /home/abhinav/Projects/Magic_Board/big_boulder/src/adapt_display -DCMAKE_INSTALL_PREFIX=/home/abhinav/Projects/Magic_Board/install/adapt_display
[1.304s] Invoking command in '/home/abhinav/Projects/Magic_Board/build/adapt_display': CMAKE_PREFIX_PATH=/opt/ros/humble /usr/bin/cmake --build /home/abhinav/Projects/Magic_Board/build/adapt_display -- -j12 -l12
[1.364s] [ 25%] Building CXX object CMakeFiles/cpp_node.dir/src/cpp_node.cpp.o
[1.373s] [ 50%] Building CXX object CMakeFiles/scan_tracker.dir/src/scan_tracker.cpp.o
[1.374s] [ 50%] Built target ament_cmake_python_copy_adapt_display
[1.651s] running egg_info
[1.654s] creating adapt_display.egg-info
[1.654s] writing adapt_display.egg-info/PKG-INFO
[1.654s] writing dependency_links to adapt_display.egg-info/dependency_links.txt
[1.654s] writing top-level names to adapt_display.egg-info/top_level.txt
[1.655s] writing manifest file 'adapt_display.egg-info/SOURCES.txt'
[1.655s] reading manifest file 'adapt_display.egg-info/SOURCES.txt'
[1.656s] writing manifest file 'adapt_display.egg-info/SOURCES.txt'
[1.690s] [ 50%] Built target ament_cmake_python_build_adapt_display_egg
[3.805s] [ 75%] Linking CXX executable cpp_node
[3.926s] [ 75%] Built target cpp_node
[8.649s] [100%] Linking CXX executable scan_tracker
[9.016s] [100%] Built target scan_tracker
[9.027s] Invoked command in '/home/abhinav/Projects/Magic_Board/build/adapt_display' returned '0': CMAKE_PREFIX_PATH=/opt/ros/humble /usr/bin/cmake --build /home/abhinav/Projects/Magic_Board/build/adapt_display -- -j12 -l12
[9.036s] Invoking command in '/home/abhinav/Projects/Magic_Board/build/adapt_display': CMAKE_PREFIX_PATH=/opt/ros/humble /usr/bin/cmake --install /home/abhinav/Projects/Magic_Board/build/adapt_display
[9.043s] -- Install configuration: ""
[9.044s] -- Installing: /home/abhinav/Projects/Magic_Board/install/adapt_display/share/adapt_display/environment/pythonpath.sh
[9.044s] -- Installing: /home/abhinav/Projects/Magic_Board/install/adapt_display/share/adapt_display/environment/pythonpath.dsv
[9.044s] -- Installing: /home/abhinav/Projects/Magic_Board/install/adapt_display/local/lib/python3.10/dist-packages/adapt_display-0.0.0-py3.10.egg-info
[9.044s] -- Installing: /home/abhinav/Projects/Magic_Board/install/adapt_display/local/lib/python3.10/dist-packages/adapt_display-0.0.0-py3.10.egg-info/SOURCES.txt
[9.044s] -- Installing: /home/abhinav/Projects/Magic_Board/install/adapt_display/local/lib/python3.10/dist-packages/adapt_display-0.0.0-py3.10.egg-info/top_level.txt
[9.044s] -- Installing: /home/abhinav/Projects/Magic_Board/install/adapt_display/local/lib/python3.10/dist-packages/adapt_display-0.0.0-py3.10.egg-info/dependency_links.txt
[9.045s] -- Installing: /home/abhinav/Projects/Magic_Board/install/adapt_display/local/lib/python3.10/dist-packages/adapt_display-0.0.0-py3.10.egg-info/PKG-INFO
[9.045s] -- Installing: /home/abhinav/Projects/Magic_Board/install/adapt_display/local/lib/python3.10/dist-packages/adapt_display
[9.045s] -- Installing: /home/abhinav/Projects/Magic_Board/install/adapt_display/local/lib/python3.10/dist-packages/adapt_display/__init__.py
[9.065s] Listing '/home/abhinav/Projects/Magic_Board/install/adapt_display/local/lib/python3.10/dist-packages/adapt_display'...
[9.065s] Compiling '/home/abhinav/Projects/Magic_Board/install/adapt_display/local/lib/python3.10/dist-packages/adapt_display/__init__.py'...
[9.068s] -- Installing: /home/abhinav/Projects/Magic_Board/install/adapt_display/lib/adapt_display/py_node.py
[9.068s] -- Installing: /home/abhinav/Projects/Magic_Board/install/adapt_display/lib/adapt_display/spawn_single_ball.py
[9.069s] -- Installing: /home/abhinav/Projects/Magic_Board/install/adapt_display/lib/adapt_display/spawn_multiple_balls.py
[9.069s] -- Installing: /home/abhinav/Projects/Magic_Board/install/adapt_display/lib/adapt_display/remove_balls.py
[9.069s] -- Installing: /home/abhinav/Projects/Magic_Board/install/adapt_display/lib/adapt_display/rw_viz.py
[9.069s] -- Installing: /home/abhinav/Projects/Magic_Board/install/adapt_display/lib/adapt_display/cpp_node
[9.070s] -- Set runtime path of "/home/abhinav/Projects/Magic_Board/install/adapt_display/lib/adapt_display/cpp_node" to ""
[9.070s] -- Installing: /home/abhinav/Projects/Magic_Board/install/adapt_display/lib/adapt_display/scan_tracker
[9.073s] -- Set runtime path of "/home/abhinav/Projects/Magic_Board/install/adapt_display/lib/adapt_display/scan_tracker" to ""
[9.074s] -- Installing: /home/abhinav/Projects/Magic_Board/install/adapt_display/share/adapt_display/launch
[9.074s] -- Installing: /home/abhinav/Projects/Magic_Board/install/adapt_display/share/adapt_display/launch/launch_simulation.launch.py.backup
[9.074s] -- Installing: /home/abhinav/Projects/Magic_Board/install/adapt_display/share/adapt_display/launch/real_world.launch.py
[9.074s] -- Installing: /home/abhinav/Projects/Magic_Board/install/adapt_display/share/adapt_display/launch/launch_simulation.launch.py
[9.074s] -- Installing: /home/abhinav/Projects/Magic_Board/install/adapt_display/share/adapt_display/launch/display.launch.py
[9.074s] -- Installing: /home/abhinav/Projects/Magic_Board/install/adapt_display/share/adapt_display/config
[9.074s] -- Installing: /home/abhinav/Projects/Magic_Board/install/adapt_display/share/adapt_display/config/gazebo_params.yaml
[9.074s] -- Installing: /home/abhinav/Projects/Magic_Board/install/adapt_display/share/adapt_display/description
[9.074s] -- Installing: /home/abhinav/Projects/Magic_Board/install/adapt_display/share/adapt_display/description/drawing_board.urdf.xacro
[9.074s] -- Installing: /home/abhinav/Projects/Magic_Board/install/adapt_display/share/adapt_display/description/robot.urdf.xacro
[9.074s] -- Installing: /home/abhinav/Projects/Magic_Board/install/adapt_display/share/adapt_display/description/lidar_platform.urdf.xacro
[9.074s] -- Installing: /home/abhinav/Projects/Magic_Board/install/adapt_display/share/adapt_display/description/ball.urdf
[9.074s] -- Installing: /home/abhinav/Projects/Magic_Board/install/adapt_display/share/ament_index/resource_index/package_run_dependencies/adapt_display
[9.075s] -- Installing: /home/abhinav/Projects/Magic_Board/install/adapt_display/share/ament_index/resource_index/parent_prefix_path/adapt_display
[9.075s] -- Installing: /home/abhinav/Projects/Magic_Board/install/adapt_display/share/adapt_display/environment/ament_prefix_path.sh
[9.075s] -- Installing: /home/abhinav/Projects/Magic_Board/install/adapt_display/share/adapt_display/environment/ament_prefix_path.dsv
[9.075s] -- Installing: /home/abhinav/Projects/Magic_Board/install/adapt_display/share/adapt_display/environment/path.sh
[9.075s] -- Installing: /home/abhinav/Projects/Magic_Board/install/adapt_display/share/adapt_display/environment/path.dsv
[9.076s] -- Installing: /home/abhinav/Projects/Magic_Board/install/adapt_display/share/adapt_display/local_setup.bash
[9.076s] -- Installing: /home/abhinav/Projects/Magic_Board/install/adapt_display/share/adapt_display/local_setup.sh
[9.076s] -- Installing: /home/abhinav/Projects/Magic_Board/install/adapt_display/share/adapt_display/local_setup.zsh
[9.076s] -- Installing: /home/abhinav/Projects/Magic_Board/install/adapt_display/share/adapt_display/local_setup.dsv
[9.076s] -- Installing: /home/abhinav/Projects/Magic_Board/install/adapt_display/share/adapt_display/package.dsv
[9.076s] -- Installing: /home/abhinav/Projects/Magic_Board/install/adapt_display/share/ament_index/resource_index/packages/adapt_display
[9.076s] -- Installing: /home/abhinav/Projects/Magic_Board/install/adapt_display/share/adapt_display/cmake/adapt_displayConfig.cmake
[9.076s] -- Installing: /home/abhinav/Projects/Magic_Board/install/adapt_display/share/adapt_display/cmake/adapt_displayConfig-version.cmake
[9.077s] -- Installing: /home/abhinav/Projects/Magic_Board/install/adapt_display/share/adapt_display/package.xml
[9.078s] Invoked command in '/home/abhinav/Projects/Magic_Board/build/adapt_display' returned '0': CMAKE_PREFIX_PATH=/opt/ros/humble /usr/bin/cmake --install /home/abhinav/Projects/Magic_Board/build/adapt_display
