[0.008s] Invoking command in '/home/abhinav/Projects/Magic_Board/rw/build/ldlidar_stl_ros2': CMAKE_PREFIX_PATH=/opt/ros/humble /usr/bin/cmake --build /home/abhinav/Projects/Magic_Board/rw/build/ldlidar_stl_ros2 -- -j12 -l12
[0.050s] [35m[1mConsolidate compiler generated dependencies of target ldlidar_stl_ros2_node[0m
[0.074s] [100%] Built target ldlidar_stl_ros2_node
[0.087s] Invoked command in '/home/abhinav/Projects/Magic_Board/rw/build/ldlidar_stl_ros2' returned '0': CMAKE_PREFIX_PATH=/opt/ros/humble /usr/bin/cmake --build /home/abhinav/Projects/Magic_Board/rw/build/ldlidar_stl_ros2 -- -j12 -l12
[0.097s] Invoking command in '/home/abhinav/Projects/Magic_Board/rw/build/ldlidar_stl_ros2': CMAKE_PREFIX_PATH=/opt/ros/humble /usr/bin/cmake --install /home/abhinav/Projects/Magic_Board/rw/build/ldlidar_stl_ros2
[0.105s] -- Install configuration: ""
[0.105s] -- Up-to-date: /home/abhinav/Projects/Magic_Board/rw/install/ldlidar_stl_ros2/lib/ldlidar_stl_ros2/ldlidar_stl_ros2_node
[0.105s] -- Up-to-date: /home/abhinav/Projects/Magic_Board/rw/install/ldlidar_stl_ros2/share/ldlidar_stl_ros2//launch
[0.105s] -- Up-to-date: /home/abhinav/Projects/Magic_Board/rw/install/ldlidar_stl_ros2/share/ldlidar_stl_ros2//launch/ld19.launch.py
[0.105s] -- Up-to-date: /home/abhinav/Projects/Magic_Board/rw/install/ldlidar_stl_ros2/share/ldlidar_stl_ros2//launch/viewer_ld06.launch.py
[0.106s] -- Up-to-date: /home/abhinav/Projects/Magic_Board/rw/install/ldlidar_stl_ros2/share/ldlidar_stl_ros2//launch/stl27l.launch.py
[0.106s] -- Up-to-date: /home/abhinav/Projects/Magic_Board/rw/install/ldlidar_stl_ros2/share/ldlidar_stl_ros2//launch/viewer_stl27l.launch.py
[0.106s] -- Up-to-date: /home/abhinav/Projects/Magic_Board/rw/install/ldlidar_stl_ros2/share/ldlidar_stl_ros2//launch/ld06.launch.py
[0.106s] -- Up-to-date: /home/abhinav/Projects/Magic_Board/rw/install/ldlidar_stl_ros2/share/ldlidar_stl_ros2//launch/viewer_ld19.launch.py
[0.106s] -- Up-to-date: /home/abhinav/Projects/Magic_Board/rw/install/ldlidar_stl_ros2/share/ldlidar_stl_ros2//rviz2
[0.106s] -- Up-to-date: /home/abhinav/Projects/Magic_Board/rw/install/ldlidar_stl_ros2/share/ldlidar_stl_ros2//rviz2/ldlidar.rviz
[0.106s] -- Up-to-date: /home/abhinav/Projects/Magic_Board/rw/install/ldlidar_stl_ros2/share/ament_index/resource_index/package_run_dependencies/ldlidar_stl_ros2
[0.106s] -- Up-to-date: /home/abhinav/Projects/Magic_Board/rw/install/ldlidar_stl_ros2/share/ament_index/resource_index/parent_prefix_path/ldlidar_stl_ros2
[0.106s] -- Up-to-date: /home/abhinav/Projects/Magic_Board/rw/install/ldlidar_stl_ros2/share/ldlidar_stl_ros2/environment/ament_prefix_path.sh
[0.106s] -- Up-to-date: /home/abhinav/Projects/Magic_Board/rw/install/ldlidar_stl_ros2/share/ldlidar_stl_ros2/environment/ament_prefix_path.dsv
[0.106s] -- Up-to-date: /home/abhinav/Projects/Magic_Board/rw/install/ldlidar_stl_ros2/share/ldlidar_stl_ros2/environment/path.sh
[0.106s] -- Up-to-date: /home/abhinav/Projects/Magic_Board/rw/install/ldlidar_stl_ros2/share/ldlidar_stl_ros2/environment/path.dsv
[0.106s] -- Up-to-date: /home/abhinav/Projects/Magic_Board/rw/install/ldlidar_stl_ros2/share/ldlidar_stl_ros2/local_setup.bash
[0.106s] -- Up-to-date: /home/abhinav/Projects/Magic_Board/rw/install/ldlidar_stl_ros2/share/ldlidar_stl_ros2/local_setup.sh
[0.106s] -- Up-to-date: /home/abhinav/Projects/Magic_Board/rw/install/ldlidar_stl_ros2/share/ldlidar_stl_ros2/local_setup.zsh
[0.106s] -- Up-to-date: /home/abhinav/Projects/Magic_Board/rw/install/ldlidar_stl_ros2/share/ldlidar_stl_ros2/local_setup.dsv
[0.106s] -- Installing: /home/abhinav/Projects/Magic_Board/rw/install/ldlidar_stl_ros2/share/ldlidar_stl_ros2/package.dsv
[0.106s] -- Up-to-date: /home/abhinav/Projects/Magic_Board/rw/install/ldlidar_stl_ros2/share/ament_index/resource_index/packages/ldlidar_stl_ros2
[0.106s] -- Up-to-date: /home/abhinav/Projects/Magic_Board/rw/install/ldlidar_stl_ros2/share/ldlidar_stl_ros2/cmake/ldlidar_stl_ros2Config.cmake
[0.106s] -- Up-to-date: /home/abhinav/Projects/Magic_Board/rw/install/ldlidar_stl_ros2/share/ldlidar_stl_ros2/cmake/ldlidar_stl_ros2Config-version.cmake
[0.106s] -- Up-to-date: /home/abhinav/Projects/Magic_Board/rw/install/ldlidar_stl_ros2/share/ldlidar_stl_ros2/package.xml
[0.108s] Invoked command in '/home/abhinav/Projects/Magic_Board/rw/build/ldlidar_stl_ros2' returned '0': CMAKE_PREFIX_PATH=/opt/ros/humble /usr/bin/cmake --install /home/abhinav/Projects/Magic_Board/rw/build/ldlidar_stl_ros2
