Consolidate compiler generated dependencies of target scan_tracker
[ 25%] Built target ament_cmake_python_copy_adapt_display
[ 50%] Built target scan_tracker
[100%] Built target cpp_node
running egg_info
writing adapt_display.egg-info/PKG-INFO
writing dependency_links to adapt_display.egg-info/dependency_links.txt
writing top-level names to adapt_display.egg-info/top_level.txt
reading manifest file 'adapt_display.egg-info/SOURCES.txt'
writing manifest file 'adapt_display.egg-info/SOURCES.txt'
[100%] Built target ament_cmake_python_build_adapt_display_egg
-- Install configuration: ""
-- Up-to-date: /home/abhinav/Projects/Magic_Board/big_boulder/install/adapt_display/share/adapt_display/environment/pythonpath.sh
-- Up-to-date: /home/abhinav/Projects/Magic_Board/big_boulder/install/adapt_display/share/adapt_display/environment/pythonpath.dsv
-- Up-to-date: /home/abhinav/Projects/Magic_Board/big_boulder/install/adapt_display/local/lib/python3.10/dist-packages/adapt_display-0.0.0-py3.10.egg-info
-- Installing: /home/abhinav/Projects/Magic_Board/big_boulder/install/adapt_display/local/lib/python3.10/dist-packages/adapt_display-0.0.0-py3.10.egg-info/SOURCES.txt
-- Installing: /home/abhinav/Projects/Magic_Board/big_boulder/install/adapt_display/local/lib/python3.10/dist-packages/adapt_display-0.0.0-py3.10.egg-info/top_level.txt
-- Installing: /home/abhinav/Projects/Magic_Board/big_boulder/install/adapt_display/local/lib/python3.10/dist-packages/adapt_display-0.0.0-py3.10.egg-info/dependency_links.txt
-- Installing: /home/abhinav/Projects/Magic_Board/big_boulder/install/adapt_display/local/lib/python3.10/dist-packages/adapt_display-0.0.0-py3.10.egg-info/PKG-INFO
-- Up-to-date: /home/abhinav/Projects/Magic_Board/big_boulder/install/adapt_display/local/lib/python3.10/dist-packages/adapt_display
-- Up-to-date: /home/abhinav/Projects/Magic_Board/big_boulder/install/adapt_display/local/lib/python3.10/dist-packages/adapt_display/__init__.py
Listing '/home/abhinav/Projects/Magic_Board/big_boulder/install/adapt_display/local/lib/python3.10/dist-packages/adapt_display'...
-- Up-to-date: /home/abhinav/Projects/Magic_Board/big_boulder/install/adapt_display/lib/adapt_display/py_node.py
-- Up-to-date: /home/abhinav/Projects/Magic_Board/big_boulder/install/adapt_display/lib/adapt_display/spawn_single_ball.py
-- Up-to-date: /home/abhinav/Projects/Magic_Board/big_boulder/install/adapt_display/lib/adapt_display/spawn_multiple_balls.py
-- Up-to-date: /home/abhinav/Projects/Magic_Board/big_boulder/install/adapt_display/lib/adapt_display/remove_balls.py
-- Installing: /home/abhinav/Projects/Magic_Board/big_boulder/install/adapt_display/lib/adapt_display/rw_viz.py
-- Up-to-date: /home/abhinav/Projects/Magic_Board/big_boulder/install/adapt_display/lib/adapt_display/cpp_node
-- Up-to-date: /home/abhinav/Projects/Magic_Board/big_boulder/install/adapt_display/lib/adapt_display/scan_tracker
-- Up-to-date: /home/abhinav/Projects/Magic_Board/big_boulder/install/adapt_display/share/adapt_display/launch
-- Up-to-date: /home/abhinav/Projects/Magic_Board/big_boulder/install/adapt_display/share/adapt_display/launch/launch_simulation.launch.py.backup
-- Up-to-date: /home/abhinav/Projects/Magic_Board/big_boulder/install/adapt_display/share/adapt_display/launch/real_world.launch.py
-- Up-to-date: /home/abhinav/Projects/Magic_Board/big_boulder/install/adapt_display/share/adapt_display/launch/launch_simulation.launch.py
-- Up-to-date: /home/abhinav/Projects/Magic_Board/big_boulder/install/adapt_display/share/adapt_display/launch/display.launch.py
-- Up-to-date: /home/abhinav/Projects/Magic_Board/big_boulder/install/adapt_display/share/adapt_display/config
-- Up-to-date: /home/abhinav/Projects/Magic_Board/big_boulder/install/adapt_display/share/adapt_display/config/gazebo_params.yaml
-- Up-to-date: /home/abhinav/Projects/Magic_Board/big_boulder/install/adapt_display/share/adapt_display/description
-- Up-to-date: /home/abhinav/Projects/Magic_Board/big_boulder/install/adapt_display/share/adapt_display/description/drawing_board.urdf.xacro
-- Up-to-date: /home/abhinav/Projects/Magic_Board/big_boulder/install/adapt_display/share/adapt_display/description/robot.urdf.xacro
-- Up-to-date: /home/abhinav/Projects/Magic_Board/big_boulder/install/adapt_display/share/adapt_display/description/lidar_platform.urdf.xacro
-- Up-to-date: /home/abhinav/Projects/Magic_Board/big_boulder/install/adapt_display/share/adapt_display/description/ball.urdf
-- Up-to-date: /home/abhinav/Projects/Magic_Board/big_boulder/install/adapt_display/share/ament_index/resource_index/package_run_dependencies/adapt_display
-- Up-to-date: /home/abhinav/Projects/Magic_Board/big_boulder/install/adapt_display/share/ament_index/resource_index/parent_prefix_path/adapt_display
-- Up-to-date: /home/abhinav/Projects/Magic_Board/big_boulder/install/adapt_display/share/adapt_display/environment/ament_prefix_path.sh
-- Up-to-date: /home/abhinav/Projects/Magic_Board/big_boulder/install/adapt_display/share/adapt_display/environment/ament_prefix_path.dsv
-- Up-to-date: /home/abhinav/Projects/Magic_Board/big_boulder/install/adapt_display/share/adapt_display/environment/path.sh
-- Up-to-date: /home/abhinav/Projects/Magic_Board/big_boulder/install/adapt_display/share/adapt_display/environment/path.dsv
-- Up-to-date: /home/abhinav/Projects/Magic_Board/big_boulder/install/adapt_display/share/adapt_display/local_setup.bash
-- Up-to-date: /home/abhinav/Projects/Magic_Board/big_boulder/install/adapt_display/share/adapt_display/local_setup.sh
-- Up-to-date: /home/abhinav/Projects/Magic_Board/big_boulder/install/adapt_display/share/adapt_display/local_setup.zsh
-- Up-to-date: /home/abhinav/Projects/Magic_Board/big_boulder/install/adapt_display/share/adapt_display/local_setup.dsv
-- Installing: /home/abhinav/Projects/Magic_Board/big_boulder/install/adapt_display/share/adapt_display/package.dsv
-- Up-to-date: /home/abhinav/Projects/Magic_Board/big_boulder/install/adapt_display/share/ament_index/resource_index/packages/adapt_display
-- Up-to-date: /home/abhinav/Projects/Magic_Board/big_boulder/install/adapt_display/share/adapt_display/cmake/adapt_displayConfig.cmake
-- Up-to-date: /home/abhinav/Projects/Magic_Board/big_boulder/install/adapt_display/share/adapt_display/cmake/adapt_displayConfig-version.cmake
-- Up-to-date: /home/abhinav/Projects/Magic_Board/big_boulder/install/adapt_display/share/adapt_display/package.xml
