[0.014s] Invoking command in '/home/abhinav/Projects/Magic_Board/big_boulder/build/adapt_display': CMAKE_PREFIX_PATH=/opt/ros/humble /usr/bin/cmake --build /home/abhinav/Projects/Magic_Board/big_boulder/build/adapt_display -- -j12 -l12
[0.072s] Consolidate compiler generated dependencies of target scan_tracker
[0.080s] [ 50%] Built target cpp_node
[0.088s] [ 50%] Built target ament_cmake_python_copy_adapt_display
[0.089s] [ 75%] Building CXX object CMakeFiles/scan_tracker.dir/src/scan_tracker.cpp.o
[0.246s] running egg_info
[0.246s] writing adapt_display.egg-info/PKG-INFO
[0.246s] writing dependency_links to adapt_display.egg-info/dependency_links.txt
[0.247s] writing top-level names to adapt_display.egg-info/top_level.txt
[0.248s] reading manifest file 'adapt_display.egg-info/SOURCES.txt'
[0.248s] writing manifest file 'adapt_display.egg-info/SOURCES.txt'
[0.278s] [ 75%] Built target ament_cmake_python_build_adapt_display_egg
[6.965s] [100%] Linking CXX executable scan_tracker
[7.364s] [100%] Built target scan_tracker
[7.376s] Invoked command in '/home/abhinav/Projects/Magic_Board/big_boulder/build/adapt_display' returned '0': CMAKE_PREFIX_PATH=/opt/ros/humble /usr/bin/cmake --build /home/abhinav/Projects/Magic_Board/big_boulder/build/adapt_display -- -j12 -l12
[7.388s] Invoking command in '/home/abhinav/Projects/Magic_Board/big_boulder/build/adapt_display': CMAKE_PREFIX_PATH=/opt/ros/humble /usr/bin/cmake --install /home/abhinav/Projects/Magic_Board/big_boulder/build/adapt_display
[7.394s] -- Install configuration: ""
[7.394s] -- Up-to-date: /home/abhinav/Projects/Magic_Board/big_boulder/install/adapt_display/share/adapt_display/environment/pythonpath.sh
[7.394s] -- Installing: /home/abhinav/Projects/Magic_Board/big_boulder/install/adapt_display/share/adapt_display/environment/pythonpath.dsv
[7.394s] -- Up-to-date: /home/abhinav/Projects/Magic_Board/big_boulder/install/adapt_display/local/lib/python3.10/dist-packages/adapt_display-0.0.0-py3.10.egg-info
[7.394s] -- Installing: /home/abhinav/Projects/Magic_Board/big_boulder/install/adapt_display/local/lib/python3.10/dist-packages/adapt_display-0.0.0-py3.10.egg-info/SOURCES.txt
[7.394s] -- Installing: /home/abhinav/Projects/Magic_Board/big_boulder/install/adapt_display/local/lib/python3.10/dist-packages/adapt_display-0.0.0-py3.10.egg-info/top_level.txt
[7.394s] -- Installing: /home/abhinav/Projects/Magic_Board/big_boulder/install/adapt_display/local/lib/python3.10/dist-packages/adapt_display-0.0.0-py3.10.egg-info/dependency_links.txt
[7.394s] -- Installing: /home/abhinav/Projects/Magic_Board/big_boulder/install/adapt_display/local/lib/python3.10/dist-packages/adapt_display-0.0.0-py3.10.egg-info/PKG-INFO
[7.395s] -- Up-to-date: /home/abhinav/Projects/Magic_Board/big_boulder/install/adapt_display/local/lib/python3.10/dist-packages/adapt_display
[7.395s] -- Up-to-date: /home/abhinav/Projects/Magic_Board/big_boulder/install/adapt_display/local/lib/python3.10/dist-packages/adapt_display/__init__.py
[7.419s] Listing '/home/abhinav/Projects/Magic_Board/big_boulder/install/adapt_display/local/lib/python3.10/dist-packages/adapt_display'...
[7.422s] -- Up-to-date: /home/abhinav/Projects/Magic_Board/big_boulder/install/adapt_display/lib/adapt_display/py_node.py
[7.422s] -- Up-to-date: /home/abhinav/Projects/Magic_Board/big_boulder/install/adapt_display/lib/adapt_display/spawn_single_ball.py
[7.422s] -- Up-to-date: /home/abhinav/Projects/Magic_Board/big_boulder/install/adapt_display/lib/adapt_display/spawn_multiple_balls.py
[7.422s] -- Up-to-date: /home/abhinav/Projects/Magic_Board/big_boulder/install/adapt_display/lib/adapt_display/remove_balls.py
[7.422s] -- Installing: /home/abhinav/Projects/Magic_Board/big_boulder/install/adapt_display/lib/adapt_display/rw_viz.py
[7.422s] -- Up-to-date: /home/abhinav/Projects/Magic_Board/big_boulder/install/adapt_display/lib/adapt_display/cpp_node
[7.423s] -- Installing: /home/abhinav/Projects/Magic_Board/big_boulder/install/adapt_display/lib/adapt_display/scan_tracker
[7.427s] -- Set runtime path of "/home/abhinav/Projects/Magic_Board/big_boulder/install/adapt_display/lib/adapt_display/scan_tracker" to ""
[7.427s] -- Up-to-date: /home/abhinav/Projects/Magic_Board/big_boulder/install/adapt_display/share/adapt_display/launch
[7.428s] -- Up-to-date: /home/abhinav/Projects/Magic_Board/big_boulder/install/adapt_display/share/adapt_display/launch/launch_simulation.launch.py.backup
[7.428s] -- Installing: /home/abhinav/Projects/Magic_Board/big_boulder/install/adapt_display/share/adapt_display/launch/real_world.launch.py
[7.428s] -- Up-to-date: /home/abhinav/Projects/Magic_Board/big_boulder/install/adapt_display/share/adapt_display/launch/launch_simulation.launch.py
[7.428s] -- Up-to-date: /home/abhinav/Projects/Magic_Board/big_boulder/install/adapt_display/share/adapt_display/launch/display.launch.py
[7.428s] -- Up-to-date: /home/abhinav/Projects/Magic_Board/big_boulder/install/adapt_display/share/adapt_display/config
[7.428s] -- Up-to-date: /home/abhinav/Projects/Magic_Board/big_boulder/install/adapt_display/share/adapt_display/config/gazebo_params.yaml
[7.428s] -- Up-to-date: /home/abhinav/Projects/Magic_Board/big_boulder/install/adapt_display/share/adapt_display/description
[7.428s] -- Up-to-date: /home/abhinav/Projects/Magic_Board/big_boulder/install/adapt_display/share/adapt_display/description/drawing_board.urdf.xacro
[7.428s] -- Up-to-date: /home/abhinav/Projects/Magic_Board/big_boulder/install/adapt_display/share/adapt_display/description/robot.urdf.xacro
[7.429s] -- Up-to-date: /home/abhinav/Projects/Magic_Board/big_boulder/install/adapt_display/share/adapt_display/description/lidar_platform.urdf.xacro
[7.429s] -- Up-to-date: /home/abhinav/Projects/Magic_Board/big_boulder/install/adapt_display/share/adapt_display/description/ball.urdf
[7.429s] -- Up-to-date: /home/abhinav/Projects/Magic_Board/big_boulder/install/adapt_display/share/ament_index/resource_index/package_run_dependencies/adapt_display
[7.429s] -- Up-to-date: /home/abhinav/Projects/Magic_Board/big_boulder/install/adapt_display/share/ament_index/resource_index/parent_prefix_path/adapt_display
[7.429s] -- Up-to-date: /home/abhinav/Projects/Magic_Board/big_boulder/install/adapt_display/share/adapt_display/environment/ament_prefix_path.sh
[7.429s] -- Installing: /home/abhinav/Projects/Magic_Board/big_boulder/install/adapt_display/share/adapt_display/environment/ament_prefix_path.dsv
[7.429s] -- Up-to-date: /home/abhinav/Projects/Magic_Board/big_boulder/install/adapt_display/share/adapt_display/environment/path.sh
[7.429s] -- Installing: /home/abhinav/Projects/Magic_Board/big_boulder/install/adapt_display/share/adapt_display/environment/path.dsv
[7.429s] -- Up-to-date: /home/abhinav/Projects/Magic_Board/big_boulder/install/adapt_display/share/adapt_display/local_setup.bash
[7.429s] -- Up-to-date: /home/abhinav/Projects/Magic_Board/big_boulder/install/adapt_display/share/adapt_display/local_setup.sh
[7.429s] -- Up-to-date: /home/abhinav/Projects/Magic_Board/big_boulder/install/adapt_display/share/adapt_display/local_setup.zsh
[7.429s] -- Installing: /home/abhinav/Projects/Magic_Board/big_boulder/install/adapt_display/share/adapt_display/local_setup.dsv
[7.429s] -- Installing: /home/abhinav/Projects/Magic_Board/big_boulder/install/adapt_display/share/adapt_display/package.dsv
[7.429s] -- Up-to-date: /home/abhinav/Projects/Magic_Board/big_boulder/install/adapt_display/share/ament_index/resource_index/packages/adapt_display
[7.429s] -- Up-to-date: /home/abhinav/Projects/Magic_Board/big_boulder/install/adapt_display/share/adapt_display/cmake/adapt_displayConfig.cmake
[7.429s] -- Up-to-date: /home/abhinav/Projects/Magic_Board/big_boulder/install/adapt_display/share/adapt_display/cmake/adapt_displayConfig-version.cmake
[7.429s] -- Up-to-date: /home/abhinav/Projects/Magic_Board/big_boulder/install/adapt_display/share/adapt_display/package.xml
[7.431s] Invoked command in '/home/abhinav/Projects/Magic_Board/big_boulder/build/adapt_display' returned '0': CMAKE_PREFIX_PATH=/opt/ros/humble /usr/bin/cmake --install /home/abhinav/Projects/Magic_Board/big_boulder/build/adapt_display
