[0.009s] Invoking command in '/home/abhinav/Projects/Magic_Board/big_boulder/build/adapt_display': CMAKE_PREFIX_PATH=/opt/ros/humble /usr/bin/cmake /home/abhinav/Projects/Magic_Board/big_boulder/src/adapt_display -DCMAKE_INSTALL_PREFIX=/home/abhinav/Projects/Magic_Board/big_boulder/install/adapt_display
[0.061s] -- The C compiler identification is GNU 11.4.0
[0.122s] -- The CXX compiler identification is GNU 11.4.0
[0.128s] -- Detecting C compiler ABI info
[0.208s] -- Detecting C compiler ABI info - done
[0.216s] -- Check for working C compiler: /usr/bin/cc - skipped
[0.216s] -- Detecting C compile features
[0.216s] -- Detecting C compile features - done
[0.220s] -- Detecting CXX compiler ABI info
[0.318s] -- Detecting CXX compiler ABI info - done
[0.329s] -- Check for working CXX compiler: /usr/bin/c++ - skipped
[0.329s] -- Detecting CXX compile features
[0.330s] -- Detecting CXX compile features - done
[0.334s] -- Found ament_cmake: 1.3.14 (/opt/ros/humble/share/ament_cmake/cmake)
[0.498s] -- Found Python3: /usr/bin/python3 (found version "3.10.12") found components: Interpreter 
[0.564s] -- Found rclcpp: 16.0.18 (/opt/ros/humble/share/rclcpp/cmake)
[0.601s] -- Found rosidl_generator_c: 3.1.8 (/opt/ros/humble/share/rosidl_generator_c/cmake)
[0.604s] -- Found rosidl_adapter: 3.1.8 (/opt/ros/humble/share/rosidl_adapter/cmake)
[0.610s] -- Found rosidl_generator_cpp: 3.1.8 (/opt/ros/humble/share/rosidl_generator_cpp/cmake)
[0.617s] -- Using all available rosidl_typesupport_c: rosidl_typesupport_fastrtps_c;rosidl_typesupport_introspection_c
[0.630s] -- Using all available rosidl_typesupport_cpp: rosidl_typesupport_fastrtps_cpp;rosidl_typesupport_introspection_cpp
[0.684s] -- Found rmw_implementation_cmake: 6.1.2 (/opt/ros/humble/share/rmw_implementation_cmake/cmake)
[0.687s] -- Found rmw_fastrtps_cpp: 6.2.10 (/opt/ros/humble/share/rmw_fastrtps_cpp/cmake)
[0.798s] -- Found OpenSSL: /usr/lib/x86_64-linux-gnu/libcrypto.so (found version "3.0.2")  
[0.833s] -- Found FastRTPS: /opt/ros/humble/include  
[0.876s] -- Using RMW implementation 'rmw_fastrtps_cpp' as default
[0.882s] -- Looking for pthread.h
[0.958s] -- Looking for pthread.h - found
[0.958s] -- Performing Test CMAKE_HAVE_LIBC_PTHREAD
[1.044s] -- Performing Test CMAKE_HAVE_LIBC_PTHREAD - Success
[1.046s] -- Found Threads: TRUE  
[1.084s] -- Found rclpy: 3.3.21 (/opt/ros/humble/share/rclpy/cmake)
[1.085s] -- Found sensor_msgs: 4.9.1 (/opt/ros/humble/share/sensor_msgs/cmake)
[1.202s] -- Found ament_lint_auto: 0.12.15 (/opt/ros/humble/share/ament_lint_auto/cmake)
[1.317s] -- Added test 'cppcheck' to perform static code analysis on C / C++ code
[1.317s] -- Configured cppcheck include dirs: $<BUILD_INTERFACE:/home/abhinav/Projects/Magic_Board/big_boulder/src/adapt_display/include>
[1.317s] -- Configured cppcheck exclude dirs and/or files: 
[1.320s] -- Added test 'flake8' to check Python code syntax and style conventions
[1.322s] -- Added test 'lint_cmake' to check CMake code style
[1.325s] -- Added test 'pep257' to check Python code against some of the docstring style conventions in PEP 257
[1.330s] -- Added test 'uncrustify' to check C / C++ code style
[1.330s] -- Configured uncrustify additional arguments: 
[1.332s] -- Added test 'xmllint' to check XML markup files
[1.337s] -- Configuring done
[1.386s] -- Generating done
[1.402s] -- Build files have been written to: /home/abhinav/Projects/Magic_Board/big_boulder/build/adapt_display
[1.424s] Invoked command in '/home/abhinav/Projects/Magic_Board/big_boulder/build/adapt_display' returned '0': CMAKE_PREFIX_PATH=/opt/ros/humble /usr/bin/cmake /home/abhinav/Projects/Magic_Board/big_boulder/src/adapt_display -DCMAKE_INSTALL_PREFIX=/home/abhinav/Projects/Magic_Board/big_boulder/install/adapt_display
[1.426s] Invoking command in '/home/abhinav/Projects/Magic_Board/big_boulder/build/adapt_display': CMAKE_PREFIX_PATH=/opt/ros/humble /usr/bin/cmake --build /home/abhinav/Projects/Magic_Board/big_boulder/build/adapt_display -- -j12 -l12
[1.532s] [ 25%] Building CXX object CMakeFiles/scan_tracker.dir/src/scan_tracker.cpp.o
[1.533s] [ 50%] Building CXX object CMakeFiles/cpp_node.dir/src/cpp_node.cpp.o
[1.561s] [ 50%] Built target ament_cmake_python_copy_adapt_display
[1.959s] running egg_info
[1.960s] creating adapt_display.egg-info
[1.961s] writing adapt_display.egg-info/PKG-INFO
[1.963s] writing dependency_links to adapt_display.egg-info/dependency_links.txt
[1.964s] writing top-level names to adapt_display.egg-info/top_level.txt
[1.965s] writing manifest file 'adapt_display.egg-info/SOURCES.txt'
[1.972s] reading manifest file 'adapt_display.egg-info/SOURCES.txt'
[1.974s] writing manifest file 'adapt_display.egg-info/SOURCES.txt'
[2.062s] [ 50%] Built target ament_cmake_python_build_adapt_display_egg
[4.830s] [ 75%] Linking CXX executable cpp_node
[4.965s] [ 75%] Built target cpp_node
[8.817s] [100%] Linking CXX executable scan_tracker
[9.155s] [100%] Built target scan_tracker
[9.169s] Invoked command in '/home/abhinav/Projects/Magic_Board/big_boulder/build/adapt_display' returned '0': CMAKE_PREFIX_PATH=/opt/ros/humble /usr/bin/cmake --build /home/abhinav/Projects/Magic_Board/big_boulder/build/adapt_display -- -j12 -l12
[9.170s] Invoking command in '/home/abhinav/Projects/Magic_Board/big_boulder/build/adapt_display': CMAKE_PREFIX_PATH=/opt/ros/humble /usr/bin/cmake --install /home/abhinav/Projects/Magic_Board/big_boulder/build/adapt_display
[9.180s] -- Install configuration: ""
[9.180s] -- Installing: /home/abhinav/Projects/Magic_Board/big_boulder/install/adapt_display/share/adapt_display/environment/pythonpath.sh
[9.180s] -- Installing: /home/abhinav/Projects/Magic_Board/big_boulder/install/adapt_display/share/adapt_display/environment/pythonpath.dsv
[9.180s] -- Installing: /home/abhinav/Projects/Magic_Board/big_boulder/install/adapt_display/local/lib/python3.10/dist-packages/adapt_display-0.0.0-py3.10.egg-info
[9.181s] -- Installing: /home/abhinav/Projects/Magic_Board/big_boulder/install/adapt_display/local/lib/python3.10/dist-packages/adapt_display-0.0.0-py3.10.egg-info/SOURCES.txt
[9.181s] -- Installing: /home/abhinav/Projects/Magic_Board/big_boulder/install/adapt_display/local/lib/python3.10/dist-packages/adapt_display-0.0.0-py3.10.egg-info/top_level.txt
[9.181s] -- Installing: /home/abhinav/Projects/Magic_Board/big_boulder/install/adapt_display/local/lib/python3.10/dist-packages/adapt_display-0.0.0-py3.10.egg-info/dependency_links.txt
[9.181s] -- Installing: /home/abhinav/Projects/Magic_Board/big_boulder/install/adapt_display/local/lib/python3.10/dist-packages/adapt_display-0.0.0-py3.10.egg-info/PKG-INFO
[9.181s] -- Installing: /home/abhinav/Projects/Magic_Board/big_boulder/install/adapt_display/local/lib/python3.10/dist-packages/adapt_display
[9.181s] -- Installing: /home/abhinav/Projects/Magic_Board/big_boulder/install/adapt_display/local/lib/python3.10/dist-packages/adapt_display/__init__.py
[9.208s] Listing '/home/abhinav/Projects/Magic_Board/big_boulder/install/adapt_display/local/lib/python3.10/dist-packages/adapt_display'...
[9.208s] Compiling '/home/abhinav/Projects/Magic_Board/big_boulder/install/adapt_display/local/lib/python3.10/dist-packages/adapt_display/__init__.py'...
[9.212s] -- Installing: /home/abhinav/Projects/Magic_Board/big_boulder/install/adapt_display/lib/adapt_display/py_node.py
[9.212s] -- Installing: /home/abhinav/Projects/Magic_Board/big_boulder/install/adapt_display/lib/adapt_display/spawn_single_ball.py
[9.213s] -- Installing: /home/abhinav/Projects/Magic_Board/big_boulder/install/adapt_display/lib/adapt_display/spawn_multiple_balls.py
[9.213s] -- Installing: /home/abhinav/Projects/Magic_Board/big_boulder/install/adapt_display/lib/adapt_display/remove_balls.py
[9.213s] -- Installing: /home/abhinav/Projects/Magic_Board/big_boulder/install/adapt_display/lib/adapt_display/cpp_node
[9.214s] -- Set runtime path of "/home/abhinav/Projects/Magic_Board/big_boulder/install/adapt_display/lib/adapt_display/cpp_node" to ""
[9.214s] -- Installing: /home/abhinav/Projects/Magic_Board/big_boulder/install/adapt_display/lib/adapt_display/scan_tracker
[9.221s] -- Set runtime path of "/home/abhinav/Projects/Magic_Board/big_boulder/install/adapt_display/lib/adapt_display/scan_tracker" to ""
[9.221s] -- Installing: /home/abhinav/Projects/Magic_Board/big_boulder/install/adapt_display/share/adapt_display/launch
[9.221s] -- Installing: /home/abhinav/Projects/Magic_Board/big_boulder/install/adapt_display/share/adapt_display/launch/launch_simulation.launch.py.backup
[9.223s] -- Installing: /home/abhinav/Projects/Magic_Board/big_boulder/install/adapt_display/share/adapt_display/launch/launch_simulation.launch.py
[9.223s] -- Installing: /home/abhinav/Projects/Magic_Board/big_boulder/install/adapt_display/share/adapt_display/launch/display.launch.py
[9.223s] -- Installing: /home/abhinav/Projects/Magic_Board/big_boulder/install/adapt_display/share/adapt_display/config
[9.223s] -- Installing: /home/abhinav/Projects/Magic_Board/big_boulder/install/adapt_display/share/adapt_display/config/gazebo_params.yaml
[9.224s] -- Installing: /home/abhinav/Projects/Magic_Board/big_boulder/install/adapt_display/share/adapt_display/description
[9.224s] -- Installing: /home/abhinav/Projects/Magic_Board/big_boulder/install/adapt_display/share/adapt_display/description/drawing_board.urdf.xacro
[9.224s] -- Installing: /home/abhinav/Projects/Magic_Board/big_boulder/install/adapt_display/share/adapt_display/description/robot.urdf.xacro
[9.224s] -- Installing: /home/abhinav/Projects/Magic_Board/big_boulder/install/adapt_display/share/adapt_display/description/lidar_platform.urdf.xacro
[9.225s] -- Installing: /home/abhinav/Projects/Magic_Board/big_boulder/install/adapt_display/share/adapt_display/description/ball.urdf
[9.225s] -- Installing: /home/abhinav/Projects/Magic_Board/big_boulder/install/adapt_display/share/ament_index/resource_index/package_run_dependencies/adapt_display
[9.226s] -- Installing: /home/abhinav/Projects/Magic_Board/big_boulder/install/adapt_display/share/ament_index/resource_index/parent_prefix_path/adapt_display
[9.226s] -- Installing: /home/abhinav/Projects/Magic_Board/big_boulder/install/adapt_display/share/adapt_display/environment/ament_prefix_path.sh
[9.226s] -- Installing: /home/abhinav/Projects/Magic_Board/big_boulder/install/adapt_display/share/adapt_display/environment/ament_prefix_path.dsv
[9.226s] -- Installing: /home/abhinav/Projects/Magic_Board/big_boulder/install/adapt_display/share/adapt_display/environment/path.sh
[9.227s] -- Installing: /home/abhinav/Projects/Magic_Board/big_boulder/install/adapt_display/share/adapt_display/environment/path.dsv
[9.227s] -- Installing: /home/abhinav/Projects/Magic_Board/big_boulder/install/adapt_display/share/adapt_display/local_setup.bash
[9.227s] -- Installing: /home/abhinav/Projects/Magic_Board/big_boulder/install/adapt_display/share/adapt_display/local_setup.sh
[9.227s] -- Installing: /home/abhinav/Projects/Magic_Board/big_boulder/install/adapt_display/share/adapt_display/local_setup.zsh
[9.227s] -- Installing: /home/abhinav/Projects/Magic_Board/big_boulder/install/adapt_display/share/adapt_display/local_setup.dsv
[9.227s] -- Installing: /home/abhinav/Projects/Magic_Board/big_boulder/install/adapt_display/share/adapt_display/package.dsv
[9.228s] -- Installing: /home/abhinav/Projects/Magic_Board/big_boulder/install/adapt_display/share/ament_index/resource_index/packages/adapt_display
[9.228s] -- Installing: /home/abhinav/Projects/Magic_Board/big_boulder/install/adapt_display/share/adapt_display/cmake/adapt_displayConfig.cmake
[9.228s] -- Installing: /home/abhinav/Projects/Magic_Board/big_boulder/install/adapt_display/share/adapt_display/cmake/adapt_displayConfig-version.cmake
[9.228s] -- Installing: /home/abhinav/Projects/Magic_Board/big_boulder/install/adapt_display/share/adapt_display/package.xml
[9.232s] Invoked command in '/home/abhinav/Projects/Magic_Board/big_boulder/build/adapt_display' returned '0': CMAKE_PREFIX_PATH=/opt/ros/humble /usr/bin/cmake --install /home/abhinav/Projects/Magic_Board/big_boulder/build/adapt_display
