[0.007s] Invoking command in '/home/abhinav/Projects/Magic_Board/rw/build/ldlidar_stl_ros2': CMAKE_PREFIX_PATH=/opt/ros/humble /usr/bin/cmake /home/abhinav/Projects/Magic_Board/rw/src/ldlidar_stl_ros2 -DCMAKE_INSTALL_PREFIX=/home/abhinav/Projects/Magic_Board/rw/install/ldlidar_stl_ros2
[0.102s] -- The C compiler identification is GNU 11.4.0
[0.174s] -- The CXX compiler identification is GNU 11.4.0
[0.185s] -- Detecting C compiler ABI info
[0.260s] -- Detecting C compiler ABI info - done
[0.264s] -- Check for working C compiler: /usr/bin/cc - skipped
[0.265s] -- Detecting C compile features
[0.266s] -- Detecting C compile features - done
[0.269s] -- Detecting CXX compiler ABI info
[0.352s] -- Detecting CXX compiler ABI info - done
[0.356s] -- Check for working CXX compiler: /usr/bin/c++ - skipped
[0.357s] -- Detecting CXX compile features
[0.357s] -- Detecting CXX compile features - done
[0.367s] -- Found ament_cmake: 1.3.14 (/opt/ros/humble/share/ament_cmake/cmake)
[0.500s] -- Found Python3: /usr/bin/python3 (found version "3.10.12") found components: Interpreter 
[0.580s] -- Found rclcpp: 16.0.18 (/opt/ros/humble/share/rclcpp/cmake)
[0.618s] -- Found rosidl_generator_c: 3.1.8 (/opt/ros/humble/share/rosidl_generator_c/cmake)
[0.622s] -- Found rosidl_adapter: 3.1.8 (/opt/ros/humble/share/rosidl_adapter/cmake)
[0.630s] -- Found rosidl_generator_cpp: 3.1.8 (/opt/ros/humble/share/rosidl_generator_cpp/cmake)
[0.642s] -- Using all available rosidl_typesupport_c: rosidl_typesupport_fastrtps_c;rosidl_typesupport_introspection_c
[0.656s] -- Using all available rosidl_typesupport_cpp: rosidl_typesupport_fastrtps_cpp;rosidl_typesupport_introspection_cpp
[0.695s] -- Found rmw_implementation_cmake: 6.1.2 (/opt/ros/humble/share/rmw_implementation_cmake/cmake)
[0.697s] -- Found rmw_fastrtps_cpp: 6.2.10 (/opt/ros/humble/share/rmw_fastrtps_cpp/cmake)
[0.789s] -- Found OpenSSL: /usr/lib/x86_64-linux-gnu/libcrypto.so (found version "3.0.2")  
[0.815s] -- Found FastRTPS: /opt/ros/humble/include  
[0.850s] -- Using RMW implementation 'rmw_fastrtps_cpp' as default
[0.859s] -- Looking for pthread.h
[0.942s] -- Looking for pthread.h - found
[0.942s] -- Performing Test CMAKE_HAVE_LIBC_PTHREAD
[1.014s] -- Performing Test CMAKE_HAVE_LIBC_PTHREAD - Success
[1.014s] -- Found Threads: TRUE  
[1.058s] -- Found sensor_msgs: 4.9.1 (/opt/ros/humble/share/sensor_msgs/cmake)
[1.083s] -- Found ament_lint_auto: 0.12.15 (/opt/ros/humble/share/ament_lint_auto/cmake)
[1.148s] -- Added test 'copyright' to check source files copyright and LICENSE
[1.151s] -- Added test 'cppcheck' to perform static code analysis on C / C++ code
[1.151s] -- Configured cppcheck include dirs: /home/abhinav/Projects/Magic_Board/rw/src/ldlidar_stl_ros2/include;/home/abhinav/Projects/Magic_Board/rw/src/ldlidar_stl_ros2/ldlidar_driver/include/core;/home/abhinav/Projects/Magic_Board/rw/src/ldlidar_stl_ros2/ldlidar_driver/include/dataprocess;/home/abhinav/Projects/Magic_Board/rw/src/ldlidar_stl_ros2/ldlidar_driver/include/filter;/home/abhinav/Projects/Magic_Board/rw/src/ldlidar_stl_ros2/ldlidar_driver/include/logger;/home/abhinav/Projects/Magic_Board/rw/src/ldlidar_stl_ros2/ldlidar_driver/include/networkcom;/home/abhinav/Projects/Magic_Board/rw/src/ldlidar_stl_ros2/ldlidar_driver/include/serialcom
[1.151s] -- Configured cppcheck exclude dirs and/or files: 
[1.154s] -- Added test 'cpplint' to check C / C++ code against the Google style
[1.154s] -- Configured cpplint exclude dirs and/or files: 
[1.155s] -- Added test 'flake8' to check Python code syntax and style conventions
[1.156s] -- Added test 'lint_cmake' to check CMake code style
[1.156s] -- Added test 'pep257' to check Python code against some of the docstring style conventions in PEP 257
[1.159s] -- Added test 'uncrustify' to check C / C++ code style
[1.159s] -- Configured uncrustify additional arguments: 
[1.160s] -- Added test 'xmllint' to check XML markup files
[1.161s] -- Configuring done
[1.169s] -- Generating done
[1.172s] -- Build files have been written to: /home/abhinav/Projects/Magic_Board/rw/build/ldlidar_stl_ros2
[1.181s] Invoked command in '/home/abhinav/Projects/Magic_Board/rw/build/ldlidar_stl_ros2' returned '0': CMAKE_PREFIX_PATH=/opt/ros/humble /usr/bin/cmake /home/abhinav/Projects/Magic_Board/rw/src/ldlidar_stl_ros2 -DCMAKE_INSTALL_PREFIX=/home/abhinav/Projects/Magic_Board/rw/install/ldlidar_stl_ros2
[1.183s] Invoking command in '/home/abhinav/Projects/Magic_Board/rw/build/ldlidar_stl_ros2': CMAKE_PREFIX_PATH=/opt/ros/humble /usr/bin/cmake --build /home/abhinav/Projects/Magic_Board/rw/build/ldlidar_stl_ros2 -- -j12 -l12
[1.239s] [ 25%] Building CXX object CMakeFiles/ldlidar_stl_ros2_node.dir/ldlidar_driver/src/filter/tofbf.cpp.o
[1.240s] [ 25%] Building CXX object CMakeFiles/ldlidar_stl_ros2_node.dir/ldlidar_driver/src/logger/log_module.cpp.o
[1.243s] [ 37%] Building CXX object CMakeFiles/ldlidar_stl_ros2_node.dir/ldlidar_driver/src/dataprocess/lipkg.cpp.o
[1.245s] [ 50%] Building CXX object CMakeFiles/ldlidar_stl_ros2_node.dir/src/demo.cpp.o
[1.247s] [ 62%] Building CXX object CMakeFiles/ldlidar_stl_ros2_node.dir/ldlidar_driver/src/serialcom/serial_interface_linux.cpp.o
[1.250s] [ 75%] Building CXX object CMakeFiles/ldlidar_stl_ros2_node.dir/ldlidar_driver/src/core/ldlidar_driver.cpp.o
[1.253s] [ 87%] Building CXX object CMakeFiles/ldlidar_stl_ros2_node.dir/ldlidar_driver/src/networkcom/network_socket_interface_linux.cpp.o
[5.022s] [100%] Linking CXX executable ldlidar_stl_ros2_node
[5.242s] [100%] Built target ldlidar_stl_ros2_node
[5.256s] Invoked command in '/home/abhinav/Projects/Magic_Board/rw/build/ldlidar_stl_ros2' returned '0': CMAKE_PREFIX_PATH=/opt/ros/humble /usr/bin/cmake --build /home/abhinav/Projects/Magic_Board/rw/build/ldlidar_stl_ros2 -- -j12 -l12
[5.267s] Invoking command in '/home/abhinav/Projects/Magic_Board/rw/build/ldlidar_stl_ros2': CMAKE_PREFIX_PATH=/opt/ros/humble /usr/bin/cmake --install /home/abhinav/Projects/Magic_Board/rw/build/ldlidar_stl_ros2
[5.276s] -- Install configuration: ""
[5.276s] -- Installing: /home/abhinav/Projects/Magic_Board/rw/install/ldlidar_stl_ros2/lib/ldlidar_stl_ros2/ldlidar_stl_ros2_node
[5.277s] -- Set runtime path of "/home/abhinav/Projects/Magic_Board/rw/install/ldlidar_stl_ros2/lib/ldlidar_stl_ros2/ldlidar_stl_ros2_node" to ""
[5.277s] -- Installing: /home/abhinav/Projects/Magic_Board/rw/install/ldlidar_stl_ros2/share/ldlidar_stl_ros2//launch
[5.277s] -- Installing: /home/abhinav/Projects/Magic_Board/rw/install/ldlidar_stl_ros2/share/ldlidar_stl_ros2//launch/ld19.launch.py
[5.277s] -- Installing: /home/abhinav/Projects/Magic_Board/rw/install/ldlidar_stl_ros2/share/ldlidar_stl_ros2//launch/viewer_ld06.launch.py
[5.278s] -- Installing: /home/abhinav/Projects/Magic_Board/rw/install/ldlidar_stl_ros2/share/ldlidar_stl_ros2//launch/stl27l.launch.py
[5.279s] -- Installing: /home/abhinav/Projects/Magic_Board/rw/install/ldlidar_stl_ros2/share/ldlidar_stl_ros2//launch/viewer_stl27l.launch.py
[5.279s] -- Installing: /home/abhinav/Projects/Magic_Board/rw/install/ldlidar_stl_ros2/share/ldlidar_stl_ros2//launch/ld06.launch.py
[5.279s] -- Installing: /home/abhinav/Projects/Magic_Board/rw/install/ldlidar_stl_ros2/share/ldlidar_stl_ros2//launch/viewer_ld19.launch.py
[5.279s] -- Installing: /home/abhinav/Projects/Magic_Board/rw/install/ldlidar_stl_ros2/share/ldlidar_stl_ros2//rviz2
[5.279s] -- Installing: /home/abhinav/Projects/Magic_Board/rw/install/ldlidar_stl_ros2/share/ldlidar_stl_ros2//rviz2/ldlidar.rviz
[5.280s] -- Installing: /home/abhinav/Projects/Magic_Board/rw/install/ldlidar_stl_ros2/share/ament_index/resource_index/package_run_dependencies/ldlidar_stl_ros2
[5.280s] -- Installing: /home/abhinav/Projects/Magic_Board/rw/install/ldlidar_stl_ros2/share/ament_index/resource_index/parent_prefix_path/ldlidar_stl_ros2
[5.280s] -- Installing: /home/abhinav/Projects/Magic_Board/rw/install/ldlidar_stl_ros2/share/ldlidar_stl_ros2/environment/ament_prefix_path.sh
[5.281s] -- Installing: /home/abhinav/Projects/Magic_Board/rw/install/ldlidar_stl_ros2/share/ldlidar_stl_ros2/environment/ament_prefix_path.dsv
[5.281s] -- Installing: /home/abhinav/Projects/Magic_Board/rw/install/ldlidar_stl_ros2/share/ldlidar_stl_ros2/environment/path.sh
[5.281s] -- Installing: /home/abhinav/Projects/Magic_Board/rw/install/ldlidar_stl_ros2/share/ldlidar_stl_ros2/environment/path.dsv
[5.281s] -- Installing: /home/abhinav/Projects/Magic_Board/rw/install/ldlidar_stl_ros2/share/ldlidar_stl_ros2/local_setup.bash
[5.281s] -- Installing: /home/abhinav/Projects/Magic_Board/rw/install/ldlidar_stl_ros2/share/ldlidar_stl_ros2/local_setup.sh
[5.281s] -- Installing: /home/abhinav/Projects/Magic_Board/rw/install/ldlidar_stl_ros2/share/ldlidar_stl_ros2/local_setup.zsh
[5.281s] -- Installing: /home/abhinav/Projects/Magic_Board/rw/install/ldlidar_stl_ros2/share/ldlidar_stl_ros2/local_setup.dsv
[5.281s] -- Installing: /home/abhinav/Projects/Magic_Board/rw/install/ldlidar_stl_ros2/share/ldlidar_stl_ros2/package.dsv
[5.281s] -- Installing: /home/abhinav/Projects/Magic_Board/rw/install/ldlidar_stl_ros2/share/ament_index/resource_index/packages/ldlidar_stl_ros2
[5.282s] -- Installing: /home/abhinav/Projects/Magic_Board/rw/install/ldlidar_stl_ros2/share/ldlidar_stl_ros2/cmake/ldlidar_stl_ros2Config.cmake
[5.282s] -- Installing: /home/abhinav/Projects/Magic_Board/rw/install/ldlidar_stl_ros2/share/ldlidar_stl_ros2/cmake/ldlidar_stl_ros2Config-version.cmake
[5.282s] -- Installing: /home/abhinav/Projects/Magic_Board/rw/install/ldlidar_stl_ros2/share/ldlidar_stl_ros2/package.xml
[5.284s] Invoked command in '/home/abhinav/Projects/Magic_Board/rw/build/ldlidar_stl_ros2' returned '0': CMAKE_PREFIX_PATH=/opt/ros/humble /usr/bin/cmake --install /home/abhinav/Projects/Magic_Board/rw/build/ldlidar_stl_ros2
